demo2/build/outputs/logs/manifest-merger-debug-report.txt
-- Merging decision tree log ---
manifest
ADDED from AndroidManifest.xml:2:1
	package
		ADDED from AndroidManifest.xml:3:2
	android:versionName
		ADDED from AndroidManifest.xml:6:2
	android:versionCode
		ADDED from AndroidManifest.xml:5:2
		INJECTED from AndroidManifest.xml:0:0
		INJECTED from AndroidManifest.xml:0:0
	xmlns:android
		ADDED from AndroidManifest.xml:2:11
	android:installLocation
		ADDED from AndroidManifest.xml:4:2
uses-sdk
ADDED from AndroidManifest.xml:8:2
MERGED from Timeby:wakeful:unspecified:7:5
	android:targetSdkVersion
		ADDED from AndroidManifest.xml:10:3
	android:minSdkVersion
		ADDED from AndroidManifest.xml:9:3
supports-screens
ADDED from AndroidManifest.xml:12:2
	android:largeScreens
		ADDED from AndroidManifest.xml:13:3
	android:smallScreens
		ADDED from AndroidManifest.xml:15:3
	android:normalScreens
		ADDED from AndroidManifest.xml:14:3
uses-permission#android.permission.RECEIVE_BOOT_COMPLETED
ADDED from AndroidManifest.xml:17:2
	android:name
		ADDED from AndroidManifest.xml:17:19
uses-permission#android.permission.WAKE_LOCK
ADDED from AndroidManifest.xml:18:2
MERGED from Timeby:wakeful:unspecified:9:5
	android:name
		ADDED from AndroidManifest.xml:18:19
uses-permission#android.permission.WRITE_EXTERNAL_STORAGE
ADDED from AndroidManifest.xml:19:2
	android:name
		ADDED from AndroidManifest.xml:19:19
application
ADDED from AndroidManifest.xml:21:2
MERGED from Timeby:wakeful:unspecified:11:5
	android:label
		ADDED from AndroidManifest.xml:21:15
receiver#com.commonsware.cwac.wakeful.demo2.OnBootReceiver
ADDED from AndroidManifest.xml:22:3
	android:name
		ADDED from AndroidManifest.xml:22:13
intent-filter#android.intent.action.BOOT_COMPLETED
ADDED from AndroidManifest.xml:23:4
action#android.intent.action.BOOT_COMPLETED
ADDED from AndroidManifest.xml:24:5
	android:name
		ADDED from AndroidManifest.xml:24:13
meta-data#com.commonsware.cwac.wakeful
ADDED from AndroidManifest.xml:27:4
	android:resource
		ADDED from AndroidManifest.xml:29:5
	android:name
		ADDED from AndroidManifest.xml:28:5
receiver#com.commonsware.cwac.wakeful.demo2.OnAlarmReceiver
ADDED from AndroidManifest.xml:31:3
	android:name
		ADDED from AndroidManifest.xml:31:13
service#com.commonsware.cwac.wakeful.demo2.AppService
ADDED from AndroidManifest.xml:34:3
	android:name
		ADDED from AndroidManifest.xml:34:12
activity#com.commonsware.cwac.wakeful.demo2.DemoActivity
ADDED from AndroidManifest.xml:37:3
	android:label
		ADDED from AndroidManifest.xml:39:4
	android:theme
		ADDED from AndroidManifest.xml:40:4
	android:name
		ADDED from AndroidManifest.xml:38:4
intent-filter#android.intent.action.MAIN+android.intent.category.LAUNCHER
ADDED from AndroidManifest.xml:41:4
action#android.intent.action.MAIN
ADDED from AndroidManifest.xml:42:5
	android:name
		ADDED from AndroidManifest.xml:42:13
category#android.intent.category.LAUNCHER
ADDED from AndroidManifest.xml:44:5
	android:name
		ADDED from AndroidManifest.xml:44:15